<?xml version="1.0" encoding="UTF-8"?>
<!-- Generated by org.testng.reporters.JUnitReportReporter -->
<testsuite hostname="DESKTOP-GPM06O8" failures="0" tests="1" name="Runner.Runner2" time="63.756" errors="0" timestamp="2022-09-08T07:33:22 IST" skipped="0">
  <testcase classname="Runner.Runner2" name="runScenario" time="63.756"/>
  <system-out/>
</testsuite> <!-- Runner.Runner2 -->
