<?xml version="1.0" encoding="UTF-8"?>
<!-- Generated by org.testng.reporters.JUnitReportReporter -->
<testsuite hostname="DESKTOP-GPM06O8" failures="0" tests="1" name="Runner.Runner" time="63.087" errors="0" timestamp="2022-09-08T10:30:34 IST" skipped="0">
  <testcase classname="Runner.Runner" name="runScenario" time="63.087"/>
  <system-out/>
</testsuite> <!-- Runner.Runner -->
