<?xml version="1.0" encoding="UTF-8"?>
<!-- Generated by org.testng.reporters.JUnitReportReporter -->
<testsuite hostname="DESKTOP-GPM06O8" failures="0" tests="1" name="Runner.Runner" time="65.828" errors="0" timestamp="2022-09-08T07:33:22 IST" skipped="0">
  <testcase classname="Runner.Runner" name="runScenario" time="65.828"/>
  <system-out/>
</testsuite> <!-- Runner.Runner -->
